[debug] [2025-08-04T06:55:32.092Z] ----------------------------------------------------------------------
[debug] [2025-08-04T06:55:32.096Z] Command:       /nix/store/ws50yvm6vzlzf7jzz6n7xh4szddrack1-nodejs-20.19.1/bin/node /home/user/.global_modules/bin/firebase deploy
[debug] [2025-08-04T06:55:32.096Z] CLI Version:   14.11.2
[debug] [2025-08-04T06:55:32.097Z] Platform:      linux
[debug] [2025-08-04T06:55:32.097Z] Node Version:  v20.19.1
[debug] [2025-08-04T06:55:32.097Z] Time:          Mon Aug 04 2025 06:55:32 GMT+0000 (Coordinated Universal Time)
[debug] [2025-08-04T06:55:32.097Z] ----------------------------------------------------------------------
[debug] 
[debug] [2025-08-04T06:55:32.678Z] > command requires scopes: ["email","openid","https://www.googleapis.com/auth/cloudplatformprojects.readonly","https://www.googleapis.com/auth/firebase","https://www.googleapis.com/auth/cloud-platform"]
[debug] [2025-08-04T06:55:32.679Z] > authorizing via signed-in user (daipayan.ghosal@gmail.com)
[debug] [2025-08-04T06:55:32.680Z] [iam] checking project chronocanvas-nakny for permissions ["firebase.projects.get","firebasehosting.sites.update"]
[debug] [2025-08-04T06:55:32.681Z] Checked if tokens are valid: false, expires at: 1754291084102
[debug] [2025-08-04T06:55:32.682Z] Checked if tokens are valid: false, expires at: 1754291084102
[debug] [2025-08-04T06:55:32.682Z] > refreshing access token with scopes: []
[debug] [2025-08-04T06:55:32.685Z] >>> [apiv2][query] POST https://www.googleapis.com/oauth2/v3/token [none]
[debug] [2025-08-04T06:55:32.686Z] >>> [apiv2][body] POST https://www.googleapis.com/oauth2/v3/token [omitted]
[debug] [2025-08-04T06:55:32.832Z] <<< [apiv2][status] POST https://www.googleapis.com/oauth2/v3/token 200
[debug] [2025-08-04T06:55:32.833Z] <<< [apiv2][body] POST https://www.googleapis.com/oauth2/v3/token [omitted]
[debug] [2025-08-04T06:55:32.854Z] >>> [apiv2][query] POST https://cloudresourcemanager.googleapis.com/v1/projects/chronocanvas-nakny:testIamPermissions [none]
[debug] [2025-08-04T06:55:32.854Z] >>> [apiv2][(partial)header] POST https://cloudresourcemanager.googleapis.com/v1/projects/chronocanvas-nakny:testIamPermissions x-goog-quota-user=projects/chronocanvas-nakny
[debug] [2025-08-04T06:55:32.855Z] >>> [apiv2][body] POST https://cloudresourcemanager.googleapis.com/v1/projects/chronocanvas-nakny:testIamPermissions {"permissions":["firebase.projects.get","firebasehosting.sites.update"]}
[debug] [2025-08-04T06:55:33.622Z] <<< [apiv2][status] POST https://cloudresourcemanager.googleapis.com/v1/projects/chronocanvas-nakny:testIamPermissions 200
[debug] [2025-08-04T06:55:33.623Z] <<< [apiv2][body] POST https://cloudresourcemanager.googleapis.com/v1/projects/chronocanvas-nakny:testIamPermissions {"permissions":["firebase.projects.get","firebasehosting.sites.update"]}
[debug] [2025-08-04T06:55:33.627Z] Checked if tokens are valid: true, expires at: 1754294131833
[debug] [2025-08-04T06:55:33.627Z] Checked if tokens are valid: true, expires at: 1754294131833
[debug] [2025-08-04T06:55:33.630Z] >>> [apiv2][query] GET https://firebase.googleapis.com/v1beta1/projects/chronocanvas-nakny [none]
[debug] [2025-08-04T06:55:33.912Z] <<< [apiv2][status] GET https://firebase.googleapis.com/v1beta1/projects/chronocanvas-nakny 200
[debug] [2025-08-04T06:55:33.912Z] <<< [apiv2][body] GET https://firebase.googleapis.com/v1beta1/projects/chronocanvas-nakny {"projectId":"chronocanvas-nakny","projectNumber":"1092336481608","displayName":"ChronoCanvas","name":"projects/chronocanvas-nakny","resources":{"hostingSite":"chronocanvas-nakny"},"state":"ACTIVE","etag":"1_bf2a7f0b-9627-4dc5-a85e-597656282443"}
[debug] [2025-08-04T06:55:39.632Z] defaultcredentials: writing to file /home/user/.config/firebase/daipayan_ghosal_gmail.com_application_default_credentials.json
[debug] [2025-08-04T06:55:39.641Z] Checked if tokens are valid: true, expires at: 1754294131833
[debug] [2025-08-04T06:55:39.642Z] Checked if tokens are valid: true, expires at: 1754294131833
[debug] [2025-08-04T06:55:39.643Z] >>> [apiv2][query] GET https://firebasehosting.googleapis.com/v1beta1/projects/chronocanvas-nakny/sites pageToken=&pageSize=10
[debug] [2025-08-04T06:55:40.060Z] <<< [apiv2][status] GET https://firebasehosting.googleapis.com/v1beta1/projects/chronocanvas-nakny/sites 200
[debug] [2025-08-04T06:55:40.060Z] <<< [apiv2][body] GET https://firebasehosting.googleapis.com/v1beta1/projects/chronocanvas-nakny/sites {"sites":[{"name":"projects/chronocanvas-nakny/sites/chronocanvas-nakny","defaultUrl":"https://chronocanvas-nakny.web.app","appId":"1:1092336481608:web:37b3a42bb869fe7c602f7d","type":"DEFAULT_SITE"}]}
[debug] [2025-08-04T06:55:40.061Z] Checked if tokens are valid: true, expires at: 1754294131833
[debug] [2025-08-04T06:55:40.061Z] Checked if tokens are valid: true, expires at: 1754294131833
[debug] [2025-08-04T06:55:40.064Z] >>> [apiv2][query] GET https://firebase.googleapis.com/v1beta1/projects/-/webApps/1:1092336481608:web:37b3a42bb869fe7c602f7d/config [none]
[debug] [2025-08-04T06:55:40.866Z] <<< [apiv2][status] GET https://firebase.googleapis.com/v1beta1/projects/-/webApps/1:1092336481608:web:37b3a42bb869fe7c602f7d/config 200
[debug] [2025-08-04T06:55:40.867Z] <<< [apiv2][body] GET https://firebase.googleapis.com/v1beta1/projects/-/webApps/1:1092336481608:web:37b3a42bb869fe7c602f7d/config {"projectId":"chronocanvas-nakny","appId":"1:1092336481608:web:37b3a42bb869fe7c602f7d","storageBucket":"chronocanvas-nakny.firebasestorage.app","apiKey":"AIzaSyB1E5IAVYmFsClrFx4s5k65Iv8HnJvJxIY","authDomain":"chronocanvas-nakny.firebaseapp.com","messagingSenderId":"1092336481608"}
[info] 
   Thank you for trying our early preview of Next.js support on Firebase Hosting.
   During the preview, support is best-effort and breaking changes can be expected. Proceed with caution.

   Documentation: https://firebase.google.com/docs/hosting/frameworks/nextjs
   File a bug: https://github.com/firebase/firebase-tools/issues/new?template=bug_report.md
   Submit a feature request: https://github.com/firebase/firebase-tools/issues/new?template=feature_request.md

   We'd love to learn from you. Express your interest in helping us shape the future of Firebase Hosting: https://goo.gle/41enW5X

[debug] [2025-08-04T06:55:50.950Z] Checked if tokens are valid: true, expires at: 1754294131833
[debug] [2025-08-04T06:55:50.950Z] Checked if tokens are valid: true, expires at: 1754294131833
[debug] [2025-08-04T06:55:50.951Z] >>> [apiv2][query] GET https://firebasehosting.googleapis.com/v1beta1/projects/chronocanvas-nakny/sites/chronocanvas-nakny [none]
[debug] [2025-08-04T06:55:51.276Z] <<< [apiv2][status] GET https://firebasehosting.googleapis.com/v1beta1/projects/chronocanvas-nakny/sites/chronocanvas-nakny 200
[debug] [2025-08-04T06:55:51.277Z] <<< [apiv2][body] GET https://firebasehosting.googleapis.com/v1beta1/projects/chronocanvas-nakny/sites/chronocanvas-nakny {"name":"projects/chronocanvas-nakny/sites/chronocanvas-nakny","defaultUrl":"https://chronocanvas-nakny.web.app","appId":"1:1092336481608:web:37b3a42bb869fe7c602f7d","type":"DEFAULT_SITE"}
[info]   ▲ Next.js 14.2.5

[info]   - Environments: .env.local


[info]    Creating an optimized production build ...

